[02:26:22] [INIT] KubeJS 2001.6.5-build.16; MC 2001 forge
[02:26:22] [INIT] Loaded plugins:
[02:26:22] [INIT] - dev.latvian.mods.kubejs.forge.BuiltinKubeJSForgePlugin
[02:26:22] [INIT] - net.threetag.palladium.compat.kubejs.PalladiumKubeJSPlugin
[02:26:22] [INIT] - com.blakebr0.cucumber.compat.kubejs.CucumberKubeJSPlugin
[02:26:24] [INFO] example.js#5: Hello, World! (Loaded server scripts)
[02:26:24] [INFO] Loaded script server_scripts:example.js in 0.001 s
[02:26:24] [INFO] Loaded script addonpack_alienevo:kubejs_scripts/xp.js in 0.002 s
[02:26:24] [INFO] Loaded script addonpack_alienevo:kubejs_scripts/workbench_items.js in 0.002 s
[02:26:25] [INFO] Loaded script addonpack_alienevo:kubejs_scripts/workbench.js in 0.043 s
[02:26:25] [INFO] Loaded script addonpack_alienevo:kubejs_scripts/quick_change.js in 0.006 s
[02:26:25] [INFO] Loaded script addonpack_alienevo:kubejs_scripts/pod_loot.js in 0.004 s
[02:26:25] [INFO] Loaded script addonpack_alienevo:kubejs_scripts/playlist_command.js in 0.014 s
[02:26:25] [INFO] Loaded script addonpack_alienevo:kubejs_scripts/palladium_properties.js in 0.001 s
[02:26:25] [INFO] Loaded script addonpack_alienevo:kubejs_scripts/nbt_omnitrix.js in 0.0 s
[02:26:25] [INFO] Loaded script addonpack_alienevo:kubejs_scripts/level_command.js in 0.006 s
[02:26:25] [INFO] Loaded script addonpack_alienevo:kubejs_scripts/hit.js in 0.002 s
[02:26:25] [INFO] Loaded script addonpack_alienevo:kubejs_scripts/flammable_block.js in 0.0 s
[02:26:25] [INFO] Loaded script addonpack_alienevo:kubejs_scripts/failsafe.js in 0.003 s
[02:26:25] [INFO] Loaded script addonpack_alienevo:kubejs_scripts/code_hints.js in 0.001 s
[02:26:25] [INFO] Loaded script addonpack_alienevo:kubejs_scripts/break_block.js in 0.001 s
[02:26:25] [INFO] Loaded script addonpack_alienevo:kubejs_scripts/alien_death.js in 0.0 s
[02:26:25] [INFO] Loaded 16/16 KubeJS server scripts in 0.124 s with 0 errors and 0 warnings
[02:26:25] [INFO] Scripts loaded
[02:26:32] [INFO] [minecraft:block] Found 811 tags, added 9 objects, removed 0 objects
[02:26:32] [INFO] [minecraft:item] Found 1167 tags, added 3 objects, removed 0 objects
[02:27:38] [INFO] Server resource reload complete!
